


=== Serial Execution ===
F
======================================================================
FAIL: test_execution (SmallTestsMPI.NearestNeighborTest_1)
----------------------------------------------------------------------
Traceback (most recent call last):
  File "/home/philipp/software/KRATOS/kratos/applications/MappingApplication/tests/SmallTestsMPI.py", line 51, in test_execution
    self.serialTests()
  File "/home/philipp/software/KRATOS/kratos/applications/MappingApplication/tests/SmallTestsMPI.py", line 76, in serialTests
    self.test.TestMapNonConstantScalarValues()
  File "/home/philipp/software/KRATOS/kratos/applications/MappingApplication/tests/KratosExecuteNearestNeighborMapperTest.py", line 113, in TestMapNonConstantScalarValues
    self.CheckValuesId(self.interface_sub_model_part_destination, variable_destination, nodal_values)
  File "/home/philipp/software/KRATOS/kratos/applications/MappingApplication/tests/KratosExecuteNearestNeighborMapperTest.py", line 159, in CheckValuesId
    self.assertAlmostEqual(nodal_values[i],value)
AssertionError: 14 != 12.0 within 7 places

----------------------------------------------------------------------
Ran 1 test in 0.008s

FAILED (failures=1)



=== Parallel Execution; 1 processors ===
F
======================================================================
FAIL: test_execution (SmallTestsMPI.NearestNeighborTest_1)
----------------------------------------------------------------------
Traceback (most recent call last):
  File "/home/philipp/software/KRATOS/kratos/applications/MappingApplication/tests/SmallTestsMPI.py", line 51, in test_execution
    self.serialTests()
  File "/home/philipp/software/KRATOS/kratos/applications/MappingApplication/tests/SmallTestsMPI.py", line 76, in serialTests
    self.test.TestMapNonConstantScalarValues()
  File "/home/philipp/software/KRATOS/kratos/applications/MappingApplication/tests/KratosExecuteNearestNeighborMapperTest.py", line 113, in TestMapNonConstantScalarValues
    self.CheckValuesId(self.interface_sub_model_part_destination, variable_destination, nodal_values)
  File "/home/philipp/software/KRATOS/kratos/applications/MappingApplication/tests/KratosExecuteNearestNeighborMapperTest.py", line 159, in CheckValuesId
    self.assertAlmostEqual(nodal_values[i],value)
AssertionError: 14 != 12.0 within 7 places

----------------------------------------------------------------------
Ran 1 test in 0.012s

FAILED (failures=1)



=== Parallel Execution; 2 processors ===
FF
======================================================================
FAIL: test_execution (SmallTestsMPI.NearestNeighborTest_1)
----------------------------------------------------------------------
Traceback (most recent call last):
  File "/home/philipp/software/KRATOS/kratos/applications/MappingApplication/tests/SmallTestsMPI.py", line 59, in test_execution
    self.test.TestMapNonConstantScalarValues()
  File "/home/philipp/software/KRATOS/kratos/applications/MappingApplication/tests/KratosExecuteNearestNeighborMapperTestMPI.py", line 126, in TestMapNonConstantScalarValues
    self.CheckValuesId(self.interface_sub_model_part_destination, variable_destination, nodal_values)
  File "/home/philipp/software/KRATOS/kratos/applications/MappingApplication/tests/KratosExecuteNearestNeighborMapperTestMPI.py", line 193, in CheckValuesId
    self.assertAlmostEqual(nodal_values[i],value)
AssertionError: 39 != 11.0 within 7 places

Stdout:
Importing    KratosMetisApplication
Importing    KratosTrilinosApplication

----------------------------------------------------------------------
Ran 1 test in 0.074s

FAILED (failures=1)

======================================================================
FAIL: test_execution (SmallTestsMPI.NearestNeighborTest_1)
----------------------------------------------------------------------
Traceback (most recent call last):
  File "/home/philipp/software/KRATOS/kratos/applications/MappingApplication/tests/SmallTestsMPI.py", line 59, in test_execution
    self.test.TestMapNonConstantScalarValues()
  File "/home/philipp/software/KRATOS/kratos/applications/MappingApplication/tests/KratosExecuteNearestNeighborMapperTestMPI.py", line 126, in TestMapNonConstantScalarValues
    self.CheckValuesId(self.interface_sub_model_part_destination, variable_destination, nodal_values)
  File "/home/philipp/software/KRATOS/kratos/applications/MappingApplication/tests/KratosExecuteNearestNeighborMapperTestMPI.py", line 193, in CheckValuesId
    self.assertAlmostEqual(nodal_values[i],value)
AssertionError: 56 != 25.0 within 7 places

Stdout:
Importing    KratosMetisApplication
Importing    KratosTrilinosApplication

----------------------------------------------------------------------
Ran 1 test in 0.074s

FAILED (failures=1)



=== Parallel Execution; 3 processors ===
FFF
======================================================================
FAIL: test_execution (SmallTestsMPI.NearestNeighborTest_1)
----------------------------------------------------------------------
Traceback (most recent call last):
  File "/home/philipp/software/KRATOS/kratos/applications/MappingApplication/tests/SmallTestsMPI.py", line 63, in test_execution
    self.test.TestInverseMapNonConstantScalarValues()
  File "/home/philipp/software/KRATOS/kratos/applications/MappingApplication/tests/KratosExecuteNearestNeighborMapperTestMPI.py", line 136, in TestInverseMapNonConstantScalarValues
    self.CheckValuesId(self.interface_sub_model_part_origin, variable_origin, nodal_values)
  File "/home/philipp/software/KRATOS/kratos/applications/MappingApplication/tests/KratosExecuteNearestNeighborMapperTestMPI.py", line 193, in CheckValuesId
    self.assertAlmostEqual(nodal_values[i],value)
AssertionError: 16 != 5.0 within 7 places

Stdout:
Importing    KratosMetisApplication
Importing    KratosTrilinosApplication

----------------------------------------------------------------------
Ran 1 test in 0.074s

FAILED (failures=1)

======================================================================
FAIL: test_execution (SmallTestsMPI.NearestNeighborTest_1)
----------------------------------------------------------------------
Traceback (most recent call last):
  File "/home/philipp/software/KRATOS/kratos/applications/MappingApplication/tests/SmallTestsMPI.py", line 63, in test_execution
    self.test.TestInverseMapNonConstantScalarValues()
  File "/home/philipp/software/KRATOS/kratos/applications/MappingApplication/tests/KratosExecuteNearestNeighborMapperTestMPI.py", line 136, in TestInverseMapNonConstantScalarValues
    self.CheckValuesId(self.interface_sub_model_part_origin, variable_origin, nodal_values)
  File "/home/philipp/software/KRATOS/kratos/applications/MappingApplication/tests/KratosExecuteNearestNeighborMapperTestMPI.py", line 193, in CheckValuesId
    self.assertAlmostEqual(nodal_values[i],value)
AssertionError: 31 != 48.0 within 7 places

Stdout:
Importing    KratosMetisApplication
Importing    KratosTrilinosApplication

----------------------------------------------------------------------
Ran 1 test in 0.074s

FAILED (failures=1)

======================================================================
FAIL: test_execution (SmallTestsMPI.NearestNeighborTest_1)
----------------------------------------------------------------------
Traceback (most recent call last):
  File "/home/philipp/software/KRATOS/kratos/applications/MappingApplication/tests/SmallTestsMPI.py", line 63, in test_execution
    self.test.TestInverseMapNonConstantScalarValues()
  File "/home/philipp/software/KRATOS/kratos/applications/MappingApplication/tests/KratosExecuteNearestNeighborMapperTestMPI.py", line 136, in TestInverseMapNonConstantScalarValues
    self.CheckValuesId(self.interface_sub_model_part_origin, variable_origin, nodal_values)
  File "/home/philipp/software/KRATOS/kratos/applications/MappingApplication/tests/KratosExecuteNearestNeighborMapperTestMPI.py", line 193, in CheckValuesId
    self.assertAlmostEqual(nodal_values[i],value)
AssertionError: 12 != 16.0 within 7 places

Stdout:
Importing    KratosMetisApplication
Importing    KratosTrilinosApplication

----------------------------------------------------------------------
Ran 1 test in 0.074s

FAILED (failures=1)



=== Parallel Execution; 4 processors ===
FFFF
======================================================================
FAIL: test_execution (SmallTestsMPI.NearestNeighborTest_1)
----------------------------------------------------------------------
Traceback (most recent call last):
  File "/home/philipp/software/KRATOS/kratos/applications/MappingApplication/tests/SmallTestsMPI.py", line 59, in test_execution
    self.test.TestMapNonConstantScalarValues()
  File "/home/philipp/software/KRATOS/kratos/applications/MappingApplication/tests/KratosExecuteNearestNeighborMapperTestMPI.py", line 126, in TestMapNonConstantScalarValues
    self.CheckValuesId(self.interface_sub_model_part_destination, variable_destination, nodal_values)
  File "/home/philipp/software/KRATOS/kratos/applications/MappingApplication/tests/KratosExecuteNearestNeighborMapperTestMPI.py", line 193, in CheckValuesId
    self.assertAlmostEqual(nodal_values[i],value)
AssertionError: 14 != 1.0 within 7 places

Stdout:
Importing    KratosMetisApplication
Importing    KratosTrilinosApplication

----------------------------------------------------------------------
Ran 1 test in 0.111s

FAILED (failures=1)

======================================================================
FAIL: test_execution (SmallTestsMPI.NearestNeighborTest_1)
----------------------------------------------------------------------
Traceback (most recent call last):
  File "/home/philipp/software/KRATOS/kratos/applications/MappingApplication/tests/SmallTestsMPI.py", line 59, in test_execution
    self.test.TestMapNonConstantScalarValues()
  File "/home/philipp/software/KRATOS/kratos/applications/MappingApplication/tests/KratosExecuteNearestNeighborMapperTestMPI.py", line 126, in TestMapNonConstantScalarValues
    self.CheckValuesId(self.interface_sub_model_part_destination, variable_destination, nodal_values)
  File "/home/philipp/software/KRATOS/kratos/applications/MappingApplication/tests/KratosExecuteNearestNeighborMapperTestMPI.py", line 193, in CheckValuesId
    self.assertAlmostEqual(nodal_values[i],value)
AssertionError: 39 != 11.0 within 7 places

Stdout:
Importing    KratosMetisApplication
Importing    KratosTrilinosApplication

----------------------------------------------------------------------
Ran 1 test in 0.112s

FAILED (failures=1)

======================================================================
FAIL: test_execution (SmallTestsMPI.NearestNeighborTest_1)
----------------------------------------------------------------------
Traceback (most recent call last):
  File "/home/philipp/software/KRATOS/kratos/applications/MappingApplication/tests/SmallTestsMPI.py", line 59, in test_execution
    self.test.TestMapNonConstantScalarValues()
  File "/home/philipp/software/KRATOS/kratos/applications/MappingApplication/tests/KratosExecuteNearestNeighborMapperTestMPI.py", line 126, in TestMapNonConstantScalarValues
    self.CheckValuesId(self.interface_sub_model_part_destination, variable_destination, nodal_values)
  File "/home/philipp/software/KRATOS/kratos/applications/MappingApplication/tests/KratosExecuteNearestNeighborMapperTestMPI.py", line 193, in CheckValuesId
    self.assertAlmostEqual(nodal_values[i],value)
AssertionError: 34 != 20.0 within 7 places

Stdout:
Importing    KratosMetisApplication
Importing    KratosTrilinosApplication

----------------------------------------------------------------------
Ran 1 test in 0.111s

FAILED (failures=1)

======================================================================
FAIL: test_execution (SmallTestsMPI.NearestNeighborTest_1)
----------------------------------------------------------------------
Traceback (most recent call last):
  File "/home/philipp/software/KRATOS/kratos/applications/MappingApplication/tests/SmallTestsMPI.py", line 59, in test_execution
    self.test.TestMapNonConstantScalarValues()
  File "/home/philipp/software/KRATOS/kratos/applications/MappingApplication/tests/KratosExecuteNearestNeighborMapperTestMPI.py", line 126, in TestMapNonConstantScalarValues
    self.CheckValuesId(self.interface_sub_model_part_destination, variable_destination, nodal_values)
  File "/home/philipp/software/KRATOS/kratos/applications/MappingApplication/tests/KratosExecuteNearestNeighborMapperTestMPI.py", line 193, in CheckValuesId
    self.assertAlmostEqual(nodal_values[i],value)
AssertionError: 56 != 25.0 within 7 places

Stdout:
Importing    KratosMetisApplication
Importing    KratosTrilinosApplication

----------------------------------------------------------------------
Ran 1 test in 0.112s

FAILED (failures=1)



=== Parallel Execution; 5 processors ===
FFFFF
======================================================================
FAIL: test_execution (SmallTestsMPI.NearestNeighborTest_1)
----------------------------------------------------------------------
Traceback (most recent call last):
  File "/home/philipp/software/KRATOS/kratos/applications/MappingApplication/tests/SmallTestsMPI.py", line 63, in test_execution
    self.test.TestInverseMapNonConstantScalarValues()
  File "/home/philipp/software/KRATOS/kratos/applications/MappingApplication/tests/KratosExecuteNearestNeighborMapperTestMPI.py", line 136, in TestInverseMapNonConstantScalarValues
    self.CheckValuesId(self.interface_sub_model_part_origin, variable_origin, nodal_values)
  File "/home/philipp/software/KRATOS/kratos/applications/MappingApplication/tests/KratosExecuteNearestNeighborMapperTestMPI.py", line 193, in CheckValuesId
    self.assertAlmostEqual(nodal_values[i],value)
AssertionError: 10 != 12.0 within 7 places

Stdout:
Importing    KratosMetisApplication
Importing    KratosTrilinosApplication

----------------------------------------------------------------------
Ran 1 test in 0.124s

FAILED (failures=1)

======================================================================
FAIL: test_execution (SmallTestsMPI.NearestNeighborTest_1)
----------------------------------------------------------------------
Traceback (most recent call last):
  File "/home/philipp/software/KRATOS/kratos/applications/MappingApplication/tests/SmallTestsMPI.py", line 63, in test_execution
    self.test.TestInverseMapNonConstantScalarValues()
  File "/home/philipp/software/KRATOS/kratos/applications/MappingApplication/tests/KratosExecuteNearestNeighborMapperTestMPI.py", line 136, in TestInverseMapNonConstantScalarValues
    self.CheckValuesId(self.interface_sub_model_part_origin, variable_origin, nodal_values)
  File "/home/philipp/software/KRATOS/kratos/applications/MappingApplication/tests/KratosExecuteNearestNeighborMapperTestMPI.py", line 193, in CheckValuesId
    self.assertAlmostEqual(nodal_values[i],value)
AssertionError: 16 != 1.0 within 7 places

Stdout:
Importing    KratosMetisApplication
Importing    KratosTrilinosApplication

----------------------------------------------------------------------
Ran 1 test in 0.124s

FAILED (failures=1)

======================================================================
FAIL: test_execution (SmallTestsMPI.NearestNeighborTest_1)
----------------------------------------------------------------------
Traceback (most recent call last):
  File "/home/philipp/software/KRATOS/kratos/applications/MappingApplication/tests/SmallTestsMPI.py", line 63, in test_execution
    self.test.TestInverseMapNonConstantScalarValues()
  File "/home/philipp/software/KRATOS/kratos/applications/MappingApplication/tests/KratosExecuteNearestNeighborMapperTestMPI.py", line 136, in TestInverseMapNonConstantScalarValues
    self.CheckValuesId(self.interface_sub_model_part_origin, variable_origin, nodal_values)
  File "/home/philipp/software/KRATOS/kratos/applications/MappingApplication/tests/KratosExecuteNearestNeighborMapperTestMPI.py", line 193, in CheckValuesId
    self.assertAlmostEqual(nodal_values[i],value)
AssertionError: 8 != 18.0 within 7 places

Stdout:
Importing    KratosMetisApplication
Importing    KratosTrilinosApplication

----------------------------------------------------------------------
Ran 1 test in 0.124s

FAILED (failures=1)

======================================================================
FAIL: test_execution (SmallTestsMPI.NearestNeighborTest_1)
----------------------------------------------------------------------
Traceback (most recent call last):
  File "/home/philipp/software/KRATOS/kratos/applications/MappingApplication/tests/SmallTestsMPI.py", line 63, in test_execution
    self.test.TestInverseMapNonConstantScalarValues()
  File "/home/philipp/software/KRATOS/kratos/applications/MappingApplication/tests/KratosExecuteNearestNeighborMapperTestMPI.py", line 136, in TestInverseMapNonConstantScalarValues
    self.CheckValuesId(self.interface_sub_model_part_origin, variable_origin, nodal_values)
  File "/home/philipp/software/KRATOS/kratos/applications/MappingApplication/tests/KratosExecuteNearestNeighborMapperTestMPI.py", line 193, in CheckValuesId
    self.assertAlmostEqual(nodal_values[i],value)
AssertionError: 31 != 12.0 within 7 places

Stdout:
Importing    KratosMetisApplication
Importing    KratosTrilinosApplication

----------------------------------------------------------------------
Ran 1 test in 0.124s

FAILED (failures=1)

======================================================================
FAIL: test_execution (SmallTestsMPI.NearestNeighborTest_1)
----------------------------------------------------------------------
Traceback (most recent call last):
  File "/home/philipp/software/KRATOS/kratos/applications/MappingApplication/tests/SmallTestsMPI.py", line 63, in test_execution
    self.test.TestInverseMapNonConstantScalarValues()
  File "/home/philipp/software/KRATOS/kratos/applications/MappingApplication/tests/KratosExecuteNearestNeighborMapperTestMPI.py", line 136, in TestInverseMapNonConstantScalarValues
    self.CheckValuesId(self.interface_sub_model_part_origin, variable_origin, nodal_values)
  File "/home/philipp/software/KRATOS/kratos/applications/MappingApplication/tests/KratosExecuteNearestNeighborMapperTestMPI.py", line 193, in CheckValuesId
    self.assertAlmostEqual(nodal_values[i],value)
AssertionError: 31 != 12.0 within 7 places

Stdout:
Importing    KratosMetisApplication
Importing    KratosTrilinosApplication

----------------------------------------------------------------------
Ran 1 test in 0.124s

FAILED (failures=1)



=== Parallel Execution; 6 processors ===
......
----------------------------------------------------------------------
Ran 1 test in 0.122s

OK

----------------------------------------------------------------------
Ran 1 test in 0.122s

OK

----------------------------------------------------------------------
Ran 1 test in 0.122s

OK

----------------------------------------------------------------------
Ran 1 test in 0.122s

OK

----------------------------------------------------------------------
Ran 1 test in 0.122s

OK

----------------------------------------------------------------------
Ran 1 test in 0.122s

OK



=== Parallel Execution; 7 processors ===
.......
----------------------------------------------------------------------
Ran 1 test in 0.124s

OK

----------------------------------------------------------------------
Ran 1 test in 0.125s

OK

----------------------------------------------------------------------
Ran 1 test in 0.125s

OK

----------------------------------------------------------------------
Ran 1 test in 0.124s

OK

----------------------------------------------------------------------
Ran 1 test in 0.125s

OK

----------------------------------------------------------------------
Ran 1 test in 0.124s

OK

----------------------------------------------------------------------
Ran 1 test in 0.125s

OK



=== Parallel Execution; 8 processors ===
FFFF
======================================================================
FAIL: test_execution (SmallTestsMPI.NearestNeighborTest_1)
----------------------------------------------------------------------
Traceback (most recent call last):
  File "/home/philipp/software/KRATOS/kratos/applications/MappingApplication/tests/SmallTestsMPI.py", line 59, in test_execution
    self.test.TestMapNonConstantScalarValues()
  File "/home/philipp/software/KRATOS/kratos/applications/MappingApplication/tests/KratosExecuteNearestNeighborMapperTestMPI.py", line 126, in TestMapNonConstantScalarValues
    self.CheckValuesId(self.interface_sub_model_part_destination, variable_destination, nodal_values)
  File "/home/philipp/software/KRATOS/kratos/applications/MappingApplication/tests/KratosExecuteNearestNeighborMapperTestMPI.py", line 193, in CheckValuesId
    self.assertAlmostEqual(nodal_values[i],value)
AssertionError: 6 != 3.0 within 7 places

Stdout:
Importing    KratosMetisApplication
Importing    KratosTrilinosApplication

----------------------------------------------------------------------
Ran 1 test in 0.165s

FAILED (failures=1)

======================================================================
FAIL: test_execution (SmallTestsMPI.NearestNeighborTest_1)
----------------------------------------------------------------------
Traceback (most recent call last):
  File "/home/philipp/software/KRATOS/kratos/applications/MappingApplication/tests/SmallTestsMPI.py", line 59, in test_execution
    self.test.TestMapNonConstantScalarValues()
  File "/home/philipp/software/KRATOS/kratos/applications/MappingApplication/tests/KratosExecuteNearestNeighborMapperTestMPI.py", line 126, in TestMapNonConstantScalarValues
    self.CheckValuesId(self.interface_sub_model_part_destination, variable_destination, nodal_values)
  File "/home/philipp/software/KRATOS/kratos/applications/MappingApplication/tests/KratosExecuteNearestNeighborMapperTestMPI.py", line 193, in CheckValuesId
    self.assertAlmostEqual(nodal_values[i],value)
AssertionError: 56 != 24.0 within 7 places

Stdout:
Importing    KratosMetisApplication
Importing    KratosTrilinosApplication

----------------------------------------------------------------------
Ran 1 test in 0.165s

FAILED (failures=1)

======================================================================
FAIL: test_execution (SmallTestsMPI.NearestNeighborTest_1)
----------------------------------------------------------------------
Traceback (most recent call last):
  File "/home/philipp/software/KRATOS/kratos/applications/MappingApplication/tests/SmallTestsMPI.py", line 59, in test_execution
    self.test.TestMapNonConstantScalarValues()
  File "/home/philipp/software/KRATOS/kratos/applications/MappingApplication/tests/KratosExecuteNearestNeighborMapperTestMPI.py", line 126, in TestMapNonConstantScalarValues
    self.CheckValuesId(self.interface_sub_model_part_destination, variable_destination, nodal_values)
  File "/home/philipp/software/KRATOS/kratos/applications/MappingApplication/tests/KratosExecuteNearestNeighborMapperTestMPI.py", line 193, in CheckValuesId
    self.assertAlmostEqual(nodal_values[i],value)
AssertionError: 35 != 20.0 within 7 places

Stdout:
Importing    KratosMetisApplication
Importing    KratosTrilinosApplication

----------------------------------------------------------------------
Ran 1 test in 0.165s

FAILED (failures=1)

======================================================================
FAIL: test_execution (SmallTestsMPI.NearestNeighborTest_1)
----------------------------------------------------------------------
Traceback (most recent call last):
  File "/home/philipp/software/KRATOS/kratos/applications/MappingApplication/tests/SmallTestsMPI.py", line 59, in test_execution
    self.test.TestMapNonConstantScalarValues()
  File "/home/philipp/software/KRATOS/kratos/applications/MappingApplication/tests/KratosExecuteNearestNeighborMapperTestMPI.py", line 126, in TestMapNonConstantScalarValues
    self.CheckValuesId(self.interface_sub_model_part_destination, variable_destination, nodal_values)
  File "/home/philipp/software/KRATOS/kratos/applications/MappingApplication/tests/KratosExecuteNearestNeighborMapperTestMPI.py", line 193, in CheckValuesId
    self.assertAlmostEqual(nodal_values[i],value)
AssertionError: 11 != 8.0 within 7 places

Stdout:
Importing    KratosMetisApplication
Importing    KratosTrilinosApplication

----------------------------------------------------------------------
Ran 1 test in 0.157s

FAILED (failures=1)
.
----------------------------------------------------------------------
Ran 1 test in 0.173s

OK
FFF
======================================================================
FAIL: test_execution (SmallTestsMPI.NearestNeighborTest_1)
----------------------------------------------------------------------
Traceback (most recent call last):
  File "/home/philipp/software/KRATOS/kratos/applications/MappingApplication/tests/SmallTestsMPI.py", line 59, in test_execution
    self.test.TestMapNonConstantScalarValues()
  File "/home/philipp/software/KRATOS/kratos/applications/MappingApplication/tests/KratosExecuteNearestNeighborMapperTestMPI.py", line 126, in TestMapNonConstantScalarValues
    self.CheckValuesId(self.interface_sub_model_part_destination, variable_destination, nodal_values)
  File "/home/philipp/software/KRATOS/kratos/applications/MappingApplication/tests/KratosExecuteNearestNeighborMapperTestMPI.py", line 193, in CheckValuesId
    self.assertAlmostEqual(nodal_values[i],value)
AssertionError: 40 != 39.0 within 7 places

Stdout:
Importing    KratosMetisApplication
Importing    KratosTrilinosApplication

----------------------------------------------------------------------
Ran 1 test in 0.173s

FAILED (failures=1)

======================================================================
FAIL: test_execution (SmallTestsMPI.NearestNeighborTest_1)
----------------------------------------------------------------------
Traceback (most recent call last):
  File "/home/philipp/software/KRATOS/kratos/applications/MappingApplication/tests/SmallTestsMPI.py", line 59, in test_execution
    self.test.TestMapNonConstantScalarValues()
  File "/home/philipp/software/KRATOS/kratos/applications/MappingApplication/tests/KratosExecuteNearestNeighborMapperTestMPI.py", line 126, in TestMapNonConstantScalarValues
    self.CheckValuesId(self.interface_sub_model_part_destination, variable_destination, nodal_values)
  File "/home/philipp/software/KRATOS/kratos/applications/MappingApplication/tests/KratosExecuteNearestNeighborMapperTestMPI.py", line 193, in CheckValuesId
    self.assertAlmostEqual(nodal_values[i],value)
AssertionError: 29 != 1.0 within 7 places

Stdout:
Importing    KratosMetisApplication
Importing    KratosTrilinosApplication

----------------------------------------------------------------------
Ran 1 test in 0.173s

FAILED (failures=1)

======================================================================
FAIL: test_execution (SmallTestsMPI.NearestNeighborTest_1)
----------------------------------------------------------------------
Traceback (most recent call last):
  File "/home/philipp/software/KRATOS/kratos/applications/MappingApplication/tests/SmallTestsMPI.py", line 59, in test_execution
    self.test.TestMapNonConstantScalarValues()
  File "/home/philipp/software/KRATOS/kratos/applications/MappingApplication/tests/KratosExecuteNearestNeighborMapperTestMPI.py", line 126, in TestMapNonConstantScalarValues
    self.CheckValuesId(self.interface_sub_model_part_destination, variable_destination, nodal_values)
  File "/home/philipp/software/KRATOS/kratos/applications/MappingApplication/tests/KratosExecuteNearestNeighborMapperTestMPI.py", line 193, in CheckValuesId
    self.assertAlmostEqual(nodal_values[i],value)
AssertionError: 63 != 3.0 within 7 places

Stdout:
Importing    KratosMetisApplication
Importing    KratosTrilinosApplication

----------------------------------------------------------------------
Ran 1 test in 0.173s

FAILED (failures=1)



=== Parallel Execution; 9 processors ===
.FFF
----------------------------------------------------------------------
Ran 1 test in 0.232s

OK
FFF
======================================================================
FAIL: test_execution (SmallTestsMPI.NearestNeighborTest_1)
----------------------------------------------------------------------
Traceback (most recent call last):
  File "/home/philipp/software/KRATOS/kratos/applications/MappingApplication/tests/SmallTestsMPI.py", line 63, in test_execution
    self.test.TestInverseMapNonConstantScalarValues()
  File "/home/philipp/software/KRATOS/kratos/applications/MappingApplication/tests/KratosExecuteNearestNeighborMapperTestMPI.py", line 136, in TestInverseMapNonConstantScalarValues
    self.CheckValuesId(self.interface_sub_model_part_origin, variable_origin, nodal_values)
  File "/home/philipp/software/KRATOS/kratos/applications/MappingApplication/tests/KratosExecuteNearestNeighborMapperTestMPI.py", line 193, in CheckValuesId
    self.assertAlmostEqual(nodal_values[i],value)
AssertionError: 31 != 72.0 within 7 places

Stdout:
Importing    KratosMetisApplication
Importing    KratosTrilinosApplication

----------------------------------------------------------------------
Ran 1 test in 0.224s

FAILED (failures=1)

======================================================================
FAIL: test_execution (SmallTestsMPI.NearestNeighborTest_1)
----------------------------------------------------------------------
Traceback (most recent call last):
  File "/home/philipp/software/KRATOS/kratos/applications/MappingApplication/tests/SmallTestsMPI.py", line 63, in test_execution
    self.test.TestInverseMapNonConstantScalarValues()
  File "/home/philipp/software/KRATOS/kratos/applications/MappingApplication/tests/KratosExecuteNearestNeighborMapperTestMPI.py", line 136, in TestInverseMapNonConstantScalarValues
    self.CheckValuesId(self.interface_sub_model_part_origin, variable_origin, nodal_values)
  File "/home/philipp/software/KRATOS/kratos/applications/MappingApplication/tests/KratosExecuteNearestNeighborMapperTestMPI.py", line 193, in CheckValuesId
    self.assertAlmostEqual(nodal_values[i],value)
AssertionError: 12 != 10.0 within 7 places

Stdout:
Importing    KratosMetisApplication
Importing    KratosTrilinosApplication

----------------------------------------------------------------------
Ran 1 test in 0.233s

FAILED (failures=1)

======================================================================
FAIL: test_execution (SmallTestsMPI.NearestNeighborTest_1)
----------------------------------------------------------------------
Traceback (most recent call last):
  File "/home/philipp/software/KRATOS/kratos/applications/MappingApplication/tests/SmallTestsMPI.py", line 63, in test_execution
    self.test.TestInverseMapNonConstantScalarValues()
  File "/home/philipp/software/KRATOS/kratos/applications/MappingApplication/tests/KratosExecuteNearestNeighborMapperTestMPI.py", line 136, in TestInverseMapNonConstantScalarValues
    self.CheckValuesId(self.interface_sub_model_part_origin, variable_origin, nodal_values)
  File "/home/philipp/software/KRATOS/kratos/applications/MappingApplication/tests/KratosExecuteNearestNeighborMapperTestMPI.py", line 193, in CheckValuesId
    self.assertAlmostEqual(nodal_values[i],value)
AssertionError: 12 != 10.0 within 7 places

Stdout:
Importing    KratosMetisApplication
Importing    KratosTrilinosApplication

----------------------------------------------------------------------
Ran 1 test in 0.233s

FAILED (failures=1)

======================================================================
FAIL: test_execution (SmallTestsMPI.NearestNeighborTest_1)
----------------------------------------------------------------------
Traceback (most recent call last):
  File "/home/philipp/software/KRATOS/kratos/applications/MappingApplication/tests/SmallTestsMPI.py", line 63, in test_execution
    self.test.TestInverseMapNonConstantScalarValues()
  File "/home/philipp/software/KRATOS/kratos/applications/MappingApplication/tests/KratosExecuteNearestNeighborMapperTestMPI.py", line 136, in TestInverseMapNonConstantScalarValues
    self.CheckValuesId(self.interface_sub_model_part_origin, variable_origin, nodal_values)
  File "/home/philipp/software/KRATOS/kratos/applications/MappingApplication/tests/KratosExecuteNearestNeighborMapperTestMPI.py", line 193, in CheckValuesId
    self.assertAlmostEqual(nodal_values[i],value)
AssertionError: 2 != 72.0 within 7 places

Stdout:
Importing    KratosMetisApplication
Importing    KratosTrilinosApplication

----------------------------------------------------------------------
Ran 1 test in 0.233s

FAILED (failures=1)

======================================================================
FAIL: test_execution (SmallTestsMPI.NearestNeighborTest_1)
----------------------------------------------------------------------
Traceback (most recent call last):
  File "/home/philipp/software/KRATOS/kratos/applications/MappingApplication/tests/SmallTestsMPI.py", line 63, in test_execution
    self.test.TestInverseMapNonConstantScalarValues()
  File "/home/philipp/software/KRATOS/kratos/applications/MappingApplication/tests/KratosExecuteNearestNeighborMapperTestMPI.py", line 136, in TestInverseMapNonConstantScalarValues
    self.CheckValuesId(self.interface_sub_model_part_origin, variable_origin, nodal_values)
  File "/home/philipp/software/KRATOS/kratos/applications/MappingApplication/tests/KratosExecuteNearestNeighborMapperTestMPI.py", line 193, in CheckValuesId
    self.assertAlmostEqual(nodal_values[i],value)
AssertionError: 49 != 72.0 within 7 places

Stdout:
Importing    KratosMetisApplication
Importing    KratosTrilinosApplication

----------------------------------------------------------------------
Ran 1 test in 0.234s

FAILED (failures=1)

======================================================================
FAIL: test_execution (SmallTestsMPI.NearestNeighborTest_1)
----------------------------------------------------------------------
Traceback (most recent call last):
  File "/home/philipp/software/KRATOS/kratos/applications/MappingApplication/tests/SmallTestsMPI.py", line 63, in test_execution
    self.test.TestInverseMapNonConstantScalarValues()
  File "/home/philipp/software/KRATOS/kratos/applications/MappingApplication/tests/KratosExecuteNearestNeighborMapperTestMPI.py", line 136, in TestInverseMapNonConstantScalarValues
    self.CheckValuesId(self.interface_sub_model_part_origin, variable_origin, nodal_values)
  File "/home/philipp/software/KRATOS/kratos/applications/MappingApplication/tests/KratosExecuteNearestNeighborMapperTestMPI.py", line 193, in CheckValuesId
    self.assertAlmostEqual(nodal_values[i],value)
AssertionError: 49 != 48.0 within 7 places

Stdout:
Importing    KratosMetisApplication
Importing    KratosTrilinosApplication

----------------------------------------------------------------------
Ran 1 test in 0.234s

FAILED (failures=1)
FF
======================================================================
FAIL: test_execution (SmallTestsMPI.NearestNeighborTest_1)
----------------------------------------------------------------------
Traceback (most recent call last):
  File "/home/philipp/software/KRATOS/kratos/applications/MappingApplication/tests/SmallTestsMPI.py", line 63, in test_execution
    self.test.TestInverseMapNonConstantScalarValues()
  File "/home/philipp/software/KRATOS/kratos/applications/MappingApplication/tests/KratosExecuteNearestNeighborMapperTestMPI.py", line 136, in TestInverseMapNonConstantScalarValues
    self.CheckValuesId(self.interface_sub_model_part_origin, variable_origin, nodal_values)
  File "/home/philipp/software/KRATOS/kratos/applications/MappingApplication/tests/KratosExecuteNearestNeighborMapperTestMPI.py", line 193, in CheckValuesId
    self.assertAlmostEqual(nodal_values[i],value)
AssertionError: 8 != 18.0 within 7 places

Stdout:
Importing    KratosMetisApplication
Importing    KratosTrilinosApplication

----------------------------------------------------------------------
Ran 1 test in 0.245s

FAILED (failures=1)

======================================================================
FAIL: test_execution (SmallTestsMPI.NearestNeighborTest_1)
----------------------------------------------------------------------
Traceback (most recent call last):
  File "/home/philipp/software/KRATOS/kratos/applications/MappingApplication/tests/SmallTestsMPI.py", line 63, in test_execution
    self.test.TestInverseMapNonConstantScalarValues()
  File "/home/philipp/software/KRATOS/kratos/applications/MappingApplication/tests/KratosExecuteNearestNeighborMapperTestMPI.py", line 136, in TestInverseMapNonConstantScalarValues
    self.CheckValuesId(self.interface_sub_model_part_origin, variable_origin, nodal_values)
  File "/home/philipp/software/KRATOS/kratos/applications/MappingApplication/tests/KratosExecuteNearestNeighborMapperTestMPI.py", line 193, in CheckValuesId
    self.assertAlmostEqual(nodal_values[i],value)
AssertionError: 5 != 3.0 within 7 places

Stdout:
Importing    KratosMetisApplication
Importing    KratosTrilinosApplication

----------------------------------------------------------------------
Ran 1 test in 0.247s

FAILED (failures=1)



=== Parallel Execution; 10 processors ===
......
----------------------------------------------------------------------
Ran 1 test in 0.303s

OK

----------------------------------------------------------------------
Ran 1 test in 0.303s

OK

----------------------------------------------------------------------
Ran 1 test in 0.303s

OK

----------------------------------------------------------------------
Ran 1 test in 0.303s

OK

----------------------------------------------------------------------
Ran 1 test in 0.304s

OK

----------------------------------------------------------------------
Ran 1 test in 0.299s

OK
...
----------------------------------------------------------------------
Ran 1 test in 0.313s

OK

----------------------------------------------------------------------
Ran 1 test in 0.321s

OK

----------------------------------------------------------------------
Ran 1 test in 0.321s

OK
.
----------------------------------------------------------------------
Ran 1 test in 0.313s

OK



=== Parallel Execution; 11 processors ===
.......
----------------------------------------------------------------------
Ran 1 test in 0.276s

OK

----------------------------------------------------------------------
Ran 1 test in 0.272s

OK

----------------------------------------------------------------------
Ran 1 test in 0.276s

OK

----------------------------------------------------------------------
Ran 1 test in 0.260s

OK

----------------------------------------------------------------------
Ran 1 test in 0.276s

OK

----------------------------------------------------------------------
Ran 1 test in 0.268s

OK

----------------------------------------------------------------------
Ran 1 test in 0.266s

OK
..
----------------------------------------------------------------------
Ran 1 test in 0.281s

OK

----------------------------------------------------------------------
Ran 1 test in 0.289s

OK
..
----------------------------------------------------------------------
Ran 1 test in 0.292s

OK

----------------------------------------------------------------------
Ran 1 test in 0.290s

OK



=== Parallel Execution; 12 processors ===
......
----------------------------------------------------------------------
Ran 1 test in 0.341s

OK

----------------------------------------------------------------------
Ran 1 test in 0.350s

OK

----------------------------------------------------------------------
Ran 1 test in 0.342s

OK

----------------------------------------------------------------------
Ran 1 test in 0.336s

OK

----------------------------------------------------------------------
Ran 1 test in 0.350s

OK

----------------------------------------------------------------------
Ran 1 test in 0.349s

OK
.
----------------------------------------------------------------------
Ran 1 test in 0.347s

OK
.
----------------------------------------------------------------------
Ran 1 test in 0.346s

OK
...
----------------------------------------------------------------------
Ran 1 test in 0.364s

OK

----------------------------------------------------------------------
Ran 1 test in 0.364s

OK

----------------------------------------------------------------------
Ran 1 test in 0.364s

OK
.
----------------------------------------------------------------------
Ran 1 test in 0.368s

OK



=== Parallel Execution; 13 processors ===
......
----------------------------------------------------------------------
Ran 1 test in 0.259s

OK

----------------------------------------------------------------------
Ran 1 test in 0.271s

OK

----------------------------------------------------------------------
Ran 1 test in 0.272s

OK

----------------------------------------------------------------------
Ran 1 test in 0.271s

OK

----------------------------------------------------------------------
Ran 1 test in 0.255s

OK

----------------------------------------------------------------------
Ran 1 test in 0.271s

OK
.
----------------------------------------------------------------------
Ran 1 test in 0.270s

OK
.
----------------------------------------------------------------------
Ran 1 test in 0.262s

OK
.
----------------------------------------------------------------------
Ran 1 test in 0.282s

OK
...
----------------------------------------------------------------------
Ran 1 test in 0.286s

OK

----------------------------------------------------------------------
Ran 1 test in 0.281s

OK

----------------------------------------------------------------------
Ran 1 test in 0.286s

OK
.
----------------------------------------------------------------------
Ran 1 test in 0.285s

OK



=== Parallel Execution; 14 processors ===
....
----------------------------------------------------------------------
Ran 1 test in 0.327s

OK

----------------------------------------------------------------------
Ran 1 test in 0.339s

OK
.
----------------------------------------------------------------------
Ran 1 test in 0.324s

OK

----------------------------------------------------------------------
Ran 1 test in 0.339s

OK

----------------------------------------------------------------------
Ran 1 test in 0.339s

OK
.
----------------------------------------------------------------------
Ran 1 test in 0.336s

OK
..
----------------------------------------------------------------------
Ran 1 test in 0.345s

OK

----------------------------------------------------------------------
Ran 1 test in 0.336s

OK
.
----------------------------------------------------------------------
Ran 1 test in 0.349s

OK
.
----------------------------------------------------------------------
Ran 1 test in 0.342s

OK
...
----------------------------------------------------------------------
Ran 1 test in 0.355s

OK

----------------------------------------------------------------------
Ran 1 test in 0.354s

OK

----------------------------------------------------------------------
Ran 1 test in 0.340s

OK
.
----------------------------------------------------------------------
Ran 1 test in 0.363s

OK



=== Parallel Execution; 15 processors ===
.....
----------------------------------------------------------------------
Ran 1 test in 0.393s

OK

----------------------------------------------------------------------
Ran 1 test in 0.393s

OK

----------------------------------------------------------------------
Ran 1 test in 0.374s

OK

----------------------------------------------------------------------
Ran 1 test in 0.397s

OK
.
----------------------------------------------------------------------
Ran 1 test in 0.382s

OK

----------------------------------------------------------------------
Ran 1 test in 0.397s

OK
....
----------------------------------------------------------------------
Ran 1 test in 0.405s

OK

----------------------------------------------------------------------
Ran 1 test in 0.405s

OK

----------------------------------------------------------------------
Ran 1 test in 0.402s

OK

----------------------------------------------------------------------
Ran 1 test in 0.405s

OK
..
----------------------------------------------------------------------
Ran 1 test in 0.388s

OK

----------------------------------------------------------------------
Ran 1 test in 0.409s

OK
.
----------------------------------------------------------------------
Ran 1 test in 0.408s

OK
..
----------------------------------------------------------------------
Ran 1 test in 0.374s

OK

----------------------------------------------------------------------
Ran 1 test in 0.417s

OK



=== Parallel Execution; 16 processors ===
.......
----------------------------------------------------------------------
Ran 1 test in 0.392s

OK

----------------------------------------------------------------------
Ran 1 test in 0.412s

OK

----------------------------------------------------------------------
Ran 1 test in 0.412s

OK

----------------------------------------------------------------------
Ran 1 test in 0.412s

OK

----------------------------------------------------------------------
Ran 1 test in 0.412s

OK

----------------------------------------------------------------------
Ran 1 test in 0.396s

OK

----------------------------------------------------------------------
Ran 1 test in 0.404s

OK
.
----------------------------------------------------------------------
Ran 1 test in 0.411s

OK
.
----------------------------------------------------------------------
Ran 1 test in 0.398s

OK
..
----------------------------------------------------------------------
Ran 1 test in 0.420s

OK

----------------------------------------------------------------------
Ran 1 test in 0.411s

OK
.
----------------------------------------------------------------------
Ran 1 test in 0.395s

OK
..
----------------------------------------------------------------------
Ran 1 test in 0.414s

OK

----------------------------------------------------------------------
Ran 1 test in 0.427s

OK
.
----------------------------------------------------------------------
Ran 1 test in 0.431s

OK
.
----------------------------------------------------------------------
Ran 1 test in 0.422s

OK



=== Parallel Execution; 17 processors ===
......
----------------------------------------------------------------------
Ran 1 test in 0.401s

OK

----------------------------------------------------------------------
Ran 1 test in 0.394s

OK

----------------------------------------------------------------------
Ran 1 test in 0.394s

OK

----------------------------------------------------------------------
Ran 1 test in 0.404s

OK

----------------------------------------------------------------------
Ran 1 test in 0.405s

OK

----------------------------------------------------------------------
Ran 1 test in 0.405s

OK
...
----------------------------------------------------------------------
Ran 1 test in 0.413s

OK
.
----------------------------------------------------------------------
Ran 1 test in 0.390s

OK

----------------------------------------------------------------------
Ran 1 test in 0.398s

OK

----------------------------------------------------------------------
Ran 1 test in 0.413s

OK
.
----------------------------------------------------------------------
Ran 1 test in 0.413s

OK
.
----------------------------------------------------------------------
Ran 1 test in 0.401s

OK
..
----------------------------------------------------------------------
Ran 1 test in 0.416s

OK

----------------------------------------------------------------------
Ran 1 test in 0.419s

OK
.
----------------------------------------------------------------------
Ran 1 test in 0.402s

OK
..
----------------------------------------------------------------------
Ran 1 test in 0.376s

OK

----------------------------------------------------------------------
Ran 1 test in 0.420s

OK



=== Parallel Execution; 18 processors ===
....
----------------------------------------------------------------------
Ran 1 test in 0.341s

OK

----------------------------------------------------------------------
Ran 1 test in 0.361s

OK

----------------------------------------------------------------------
Ran 1 test in 0.364s

OK
.
----------------------------------------------------------------------
Ran 1 test in 0.354s

OK

----------------------------------------------------------------------
Ran 1 test in 0.365s

OK
.
----------------------------------------------------------------------
Ran 1 test in 0.369s

OK
...
----------------------------------------------------------------------
Ran 1 test in 0.354s

OK
.
----------------------------------------------------------------------
Ran 1 test in 0.370s

OK

----------------------------------------------------------------------
Ran 1 test in 0.374s

OK

----------------------------------------------------------------------
Ran 1 test in 0.358s

OK
.
----------------------------------------------------------------------
Ran 1 test in 0.366s

OK
..
----------------------------------------------------------------------
Ran 1 test in 0.369s

OK

----------------------------------------------------------------------
Ran 1 test in 0.354s

OK
..
----------------------------------------------------------------------
Ran 1 test in 0.382s

OK

----------------------------------------------------------------------
Ran 1 test in 0.382s

OK
..
----------------------------------------------------------------------
Ran 1 test in 0.385s

OK

----------------------------------------------------------------------
Ran 1 test in 0.374s

OK
.
----------------------------------------------------------------------
Ran 1 test in 0.382s

OK



=== Parallel Execution; 19 processors ===
.......
----------------------------------------------------------------------
Ran 1 test in 0.399s

OK

----------------------------------------------------------------------
Ran 1 test in 0.391s

OK

----------------------------------------------------------------------
Ran 1 test in 0.387s

OK

----------------------------------------------------------------------
Ran 1 test in 0.386s

OK

----------------------------------------------------------------------
Ran 1 test in 0.399s

OK

----------------------------------------------------------------------
Ran 1 test in 0.391s

OK

----------------------------------------------------------------------
Ran 1 test in 0.402s

OK
.
----------------------------------------------------------------------
Ran 1 test in 0.410s

OK
....
----------------------------------------------------------------------
Ran 1 test in 0.414s

OK
.
----------------------------------------------------------------------
Ran 1 test in 0.414s

OK

----------------------------------------------------------------------
Ran 1 test in 0.390s

OK

----------------------------------------------------------------------
Ran 1 test in 0.400s

OK

----------------------------------------------------------------------
Ran 1 test in 0.414s

OK
.
----------------------------------------------------------------------
Ran 1 test in 0.393s

OK
.
----------------------------------------------------------------------
Ran 1 test in 0.418s

OK
....
----------------------------------------------------------------------
Ran 1 test in 0.425s

OK

----------------------------------------------------------------------
Ran 1 test in 0.410s

OK

----------------------------------------------------------------------
Ran 1 test in 0.426s

OK

----------------------------------------------------------------------
Ran 1 test in 0.414s

OK



=== Parallel Execution; 20 processors ===
.....
----------------------------------------------------------------------
Ran 1 test in 0.367s

OK
..
----------------------------------------------------------------------
Ran 1 test in 0.337s

OK

----------------------------------------------------------------------
Ran 1 test in 0.375s

OK

----------------------------------------------------------------------
Ran 1 test in 0.386s

OK

----------------------------------------------------------------------
Ran 1 test in 0.363s

OK

----------------------------------------------------------------------
Ran 1 test in 0.385s

OK
.
----------------------------------------------------------------------
Ran 1 test in 0.387s

OK

----------------------------------------------------------------------
Ran 1 test in 0.386s

OK
.
----------------------------------------------------------------------
Ran 1 test in 0.379s

OK
.
----------------------------------------------------------------------
Ran 1 test in 0.380s

OK
.
----------------------------------------------------------------------
Ran 1 test in 0.373s

OK
.
----------------------------------------------------------------------
Ran 1 test in 0.370s

OK
...
----------------------------------------------------------------------
Ran 1 test in 0.397s

OK

----------------------------------------------------------------------
Ran 1 test in 0.397s

OK

----------------------------------------------------------------------
Ran 1 test in 0.394s

OK
.
----------------------------------------------------------------------
Ran 1 test in 0.401s

OK
..
----------------------------------------------------------------------
Ran 1 test in 0.401s

OK

----------------------------------------------------------------------
Ran 1 test in 0.394s

OK
..
----------------------------------------------------------------------
Ran 1 test in 0.383s

OK

----------------------------------------------------------------------
Ran 1 test in 0.395s

OK



=== Parallel Execution; 21 processors ===
....
----------------------------------------------------------------------
Ran 1 test in 0.487s

OK
.
----------------------------------------------------------------------
Ran 1 test in 0.483s

OK

----------------------------------------------------------------------
Ran 1 test in 0.483s

OK
.
----------------------------------------------------------------------
Ran 1 test in 0.495s

OK

----------------------------------------------------------------------
Ran 1 test in 0.487s

OK

----------------------------------------------------------------------
Ran 1 test in 0.505s

OK
..
----------------------------------------------------------------------
Ran 1 test in 0.491s

OK
.
----------------------------------------------------------------------
Ran 1 test in 0.492s

OK

----------------------------------------------------------------------
Ran 1 test in 0.500s

OK
.
----------------------------------------------------------------------
Ran 1 test in 0.506s

OK
..
----------------------------------------------------------------------
Ran 1 test in 0.512s

OK

----------------------------------------------------------------------
Ran 1 test in 0.502s

OK
.....
----------------------------------------------------------------------
Ran 1 test in 0.520s

OK

----------------------------------------------------------------------
Ran 1 test in 0.520s

OK

----------------------------------------------------------------------
Ran 1 test in 0.508s

OK

----------------------------------------------------------------------
Ran 1 test in 0.520s

OK

----------------------------------------------------------------------
Ran 1 test in 0.502s

OK
.
----------------------------------------------------------------------
Ran 1 test in 0.525s

OK
..
----------------------------------------------------------------------
Ran 1 test in 0.518s

OK

----------------------------------------------------------------------
Ran 1 test in 0.518s

OK
.
----------------------------------------------------------------------
Ran 1 test in 0.530s

OK



=== Parallel Execution; 22 processors ===
.......
----------------------------------------------------------------------
Ran 1 test in 0.519s

OK

----------------------------------------------------------------------
Ran 1 test in 0.500s

OK

----------------------------------------------------------------------
Ran 1 test in 0.505s

OK

----------------------------------------------------------------------
Ran 1 test in 0.519s

OK

----------------------------------------------------------------------
Ran 1 test in 0.519s

OK

----------------------------------------------------------------------
Ran 1 test in 0.496s

OK

----------------------------------------------------------------------
Ran 1 test in 0.512s

OK
...
----------------------------------------------------------------------
Ran 1 test in 0.498s

OK

----------------------------------------------------------------------
Ran 1 test in 0.514s

OK

----------------------------------------------------------------------
Ran 1 test in 0.526s

OK
.
----------------------------------------------------------------------
Ran 1 test in 0.525s

OK
..
----------------------------------------------------------------------
Ran 1 test in 0.530s

OK

----------------------------------------------------------------------
Ran 1 test in 0.502s

OK
..
----------------------------------------------------------------------
Ran 1 test in 0.518s

OK

----------------------------------------------------------------------
Ran 1 test in 0.534s

OK
.
----------------------------------------------------------------------
Ran 1 test in 0.515s

OK
..
----------------------------------------------------------------------
Ran 1 test in 0.526s

OK
.
----------------------------------------------------------------------
Ran 1 test in 0.534s

OK

----------------------------------------------------------------------
Ran 1 test in 0.526s

OK
..
----------------------------------------------------------------------
Ran 1 test in 0.518s

OK

----------------------------------------------------------------------
Ran 1 test in 0.542s

OK
.
----------------------------------------------------------------------
Ran 1 test in 0.546s

OK



=== Parallel Execution; 23 processors ===
.....
----------------------------------------------------------------------
Ran 1 test in 0.440s

OK
..
----------------------------------------------------------------------
Ran 1 test in 0.444s

OK

----------------------------------------------------------------------
Ran 1 test in 0.421s

OK

----------------------------------------------------------------------
Ran 1 test in 0.433s

OK

----------------------------------------------------------------------
Ran 1 test in 0.421s

OK

----------------------------------------------------------------------
Ran 1 test in 0.433s

OK
..
----------------------------------------------------------------------
Ran 1 test in 0.444s

OK

----------------------------------------------------------------------
Ran 1 test in 0.445s

OK

----------------------------------------------------------------------
Ran 1 test in 0.436s

OK
..
----------------------------------------------------------------------
Ran 1 test in 0.425s

OK

----------------------------------------------------------------------
Ran 1 test in 0.432s

OK
...
----------------------------------------------------------------------
Ran 1 test in 0.400s

OK
..
----------------------------------------------------------------------
Ran 1 test in 0.442s

OK

----------------------------------------------------------------------
Ran 1 test in 0.446s

OK

----------------------------------------------------------------------
Ran 1 test in 0.434s

OK

----------------------------------------------------------------------
Ran 1 test in 0.454s

OK
.
----------------------------------------------------------------------
Ran 1 test in 0.454s

OK
....
----------------------------------------------------------------------
Ran 1 test in 0.466s

OK

----------------------------------------------------------------------
Ran 1 test in 0.445s

OK

----------------------------------------------------------------------
Ran 1 test in 0.466s

OK

----------------------------------------------------------------------
Ran 1 test in 0.466s

OK
..
----------------------------------------------------------------------
Ran 1 test in 0.462s

OK

----------------------------------------------------------------------
Ran 1 test in 0.462s

OK



=== Parallel Execution; 24 processors ===
....
----------------------------------------------------------------------
Ran 1 test in 0.473s

OK

----------------------------------------------------------------------
Ran 1 test in 0.457s

OK
...
----------------------------------------------------------------------
Ran 1 test in 0.465s

OK

----------------------------------------------------------------------
Ran 1 test in 0.453s

OK

----------------------------------------------------------------------
Ran 1 test in 0.465s

OK

----------------------------------------------------------------------
Ran 1 test in 0.461s

OK
.
----------------------------------------------------------------------
Ran 1 test in 0.482s

OK

----------------------------------------------------------------------
Ran 1 test in 0.468s

OK
..
----------------------------------------------------------------------
Ran 1 test in 0.487s

OK

----------------------------------------------------------------------
Ran 1 test in 0.483s

OK
....
----------------------------------------------------------------------
Ran 1 test in 0.490s

OK

----------------------------------------------------------------------
Ran 1 test in 0.490s

OK

----------------------------------------------------------------------
Ran 1 test in 0.487s

OK

----------------------------------------------------------------------
Ran 1 test in 0.466s

OK
..
----------------------------------------------------------------------
Ran 1 test in 0.494s

OK

----------------------------------------------------------------------
Ran 1 test in 0.486s

OK
.
----------------------------------------------------------------------
Ran 1 test in 0.499s

OK
..
----------------------------------------------------------------------
Ran 1 test in 0.502s

OK

----------------------------------------------------------------------
Ran 1 test in 0.486s

OK
..
----------------------------------------------------------------------
Ran 1 test in 0.506s

OK

----------------------------------------------------------------------
Ran 1 test in 0.498s

OK
.
----------------------------------------------------------------------
Ran 1 test in 0.492s

OK
.
----------------------------------------------------------------------
Ran 1 test in 0.498s

OK
.
----------------------------------------------------------------------
Ran 1 test in 0.504s

OK



=== Parallel Execution; 25 processors ===
.....
----------------------------------------------------------------------
Ran 1 test in 0.499s

OK

----------------------------------------------------------------------
Ran 1 test in 0.510s

OK
..
----------------------------------------------------------------------
Ran 1 test in 0.518s

OK

----------------------------------------------------------------------
Ran 1 test in 0.498s

OK

----------------------------------------------------------------------
Ran 1 test in 0.521s

OK

----------------------------------------------------------------------
Ran 1 test in 0.518s

OK
.
----------------------------------------------------------------------
Ran 1 test in 0.507s

OK
..
----------------------------------------------------------------------
Ran 1 test in 0.513s

OK

----------------------------------------------------------------------
Ran 1 test in 0.525s

OK
...
----------------------------------------------------------------------
Ran 1 test in 0.529s

OK

----------------------------------------------------------------------
Ran 1 test in 0.529s

OK

----------------------------------------------------------------------
Ran 1 test in 0.522s

OK
.
----------------------------------------------------------------------
Ran 1 test in 0.530s

OK

----------------------------------------------------------------------
Ran 1 test in 0.533s

OK
...
----------------------------------------------------------------------
Ran 1 test in 0.526s

OK

----------------------------------------------------------------------
Ran 1 test in 0.518s

OK

----------------------------------------------------------------------
Ran 1 test in 0.506s

OK
.
----------------------------------------------------------------------
Ran 1 test in 0.515s

OK
.
----------------------------------------------------------------------
Ran 1 test in 0.522s

OK
.
----------------------------------------------------------------------
Ran 1 test in 0.527s

OK
...
----------------------------------------------------------------------
Ran 1 test in 0.538s

OK

----------------------------------------------------------------------
Ran 1 test in 0.530s

OK

----------------------------------------------------------------------
Ran 1 test in 0.537s

OK
.
----------------------------------------------------------------------
Ran 1 test in 0.523s

OK
.
----------------------------------------------------------------------
Ran 1 test in 0.556s

OK



=== Parallel Execution; 26 processors ===
...
----------------------------------------------------------------------
Ran 1 test in 0.560s

OK
.
----------------------------------------------------------------------
Ran 1 test in 0.543s

OK

----------------------------------------------------------------------
Ran 1 test in 0.564s

OK
.
----------------------------------------------------------------------
Ran 1 test in 0.568s

OK

----------------------------------------------------------------------
Ran 1 test in 0.564s

OK
.
----------------------------------------------------------------------
Ran 1 test in 0.556s

OK
..
----------------------------------------------------------------------
Ran 1 test in 0.545s

OK
.
----------------------------------------------------------------------
Ran 1 test in 0.549s

OK

----------------------------------------------------------------------
Ran 1 test in 0.545s

OK
...
----------------------------------------------------------------------
Ran 1 test in 0.566s

OK

----------------------------------------------------------------------
Ran 1 test in 0.575s

OK

----------------------------------------------------------------------
Ran 1 test in 0.575s

OK
.
----------------------------------------------------------------------
Ran 1 test in 0.558s

OK
...
----------------------------------------------------------------------
Ran 1 test in 0.570s

OK

----------------------------------------------------------------------
Ran 1 test in 0.580s

OK

----------------------------------------------------------------------
Ran 1 test in 0.583s

OK
.
----------------------------------------------------------------------
Ran 1 test in 0.586s

OK
.
----------------------------------------------------------------------
Ran 1 test in 0.578s

OK
..
----------------------------------------------------------------------
Ran 1 test in 0.591s

OK
.
----------------------------------------------------------------------
Ran 1 test in 0.590s

OK

----------------------------------------------------------------------
Ran 1 test in 0.587s

OK
..
----------------------------------------------------------------------
Ran 1 test in 0.578s

OK

----------------------------------------------------------------------
Ran 1 test in 0.579s

OK
.
----------------------------------------------------------------------
Ran 1 test in 0.570s

OK
.
----------------------------------------------------------------------
Ran 1 test in 0.590s

OK
.
----------------------------------------------------------------------
Ran 1 test in 0.599s

OK



=== Parallel Execution; 27 processors ===
.....
----------------------------------------------------------------------
Ran 1 test in 0.580s

OK

----------------------------------------------------------------------
Ran 1 test in 0.584s

OK
.
----------------------------------------------------------------------
Ran 1 test in 0.610s

OK

----------------------------------------------------------------------
Ran 1 test in 0.580s

OK

----------------------------------------------------------------------
Ran 1 test in 0.610s

OK
..
----------------------------------------------------------------------
Ran 1 test in 0.586s

OK

----------------------------------------------------------------------
Ran 1 test in 0.602s

OK
.
----------------------------------------------------------------------
Ran 1 test in 0.606s

OK

----------------------------------------------------------------------
Ran 1 test in 0.595s

OK
.
----------------------------------------------------------------------
Ran 1 test in 0.606s

OK
.
----------------------------------------------------------------------
Ran 1 test in 0.618s

OK
..
----------------------------------------------------------------------
Ran 1 test in 0.619s

OK

----------------------------------------------------------------------
Ran 1 test in 0.620s

OK
..
----------------------------------------------------------------------
Ran 1 test in 0.621s

OK

----------------------------------------------------------------------
Ran 1 test in 0.607s

OK
...
----------------------------------------------------------------------
Ran 1 test in 0.613s

OK

----------------------------------------------------------------------
Ran 1 test in 0.618s

OK

----------------------------------------------------------------------
Ran 1 test in 0.606s

OK
..
----------------------------------------------------------------------
Ran 1 test in 0.610s

OK

----------------------------------------------------------------------
Ran 1 test in 0.618s

OK
....
----------------------------------------------------------------------
Ran 1 test in 0.626s

OK

----------------------------------------------------------------------
Ran 1 test in 0.634s

OK

----------------------------------------------------------------------
Ran 1 test in 0.618s

OK

----------------------------------------------------------------------
Ran 1 test in 0.624s

OK
..
----------------------------------------------------------------------
Ran 1 test in 0.621s

OK

----------------------------------------------------------------------
Ran 1 test in 0.637s

OK
.
----------------------------------------------------------------------
Ran 1 test in 0.642s

OK



=== Parallel Execution; 28 processors ===
.....
----------------------------------------------------------------------
Ran 1 test in 0.653s

OK

----------------------------------------------------------------------
Ran 1 test in 0.652s

OK

----------------------------------------------------------------------
Ran 1 test in 0.642s

OK

----------------------------------------------------------------------
Ran 1 test in 0.630s

OK

----------------------------------------------------------------------
Ran 1 test in 0.653s

OK
.
----------------------------------------------------------------------
Ran 1 test in 0.623s

OK
.
----------------------------------------------------------------------
Ran 1 test in 0.639s

OK
.
----------------------------------------------------------------------
Ran 1 test in 0.629s

OK
..
----------------------------------------------------------------------
Ran 1 test in 0.650s

OK

----------------------------------------------------------------------
Ran 1 test in 0.626s

OK
.
----------------------------------------------------------------------
Ran 1 test in 0.651s

OK
.
----------------------------------------------------------------------
Ran 1 test in 0.658s

OK
.
----------------------------------------------------------------------
Ran 1 test in 0.642s

OK
.
----------------------------------------------------------------------
Ran 1 test in 0.654s

OK
...
----------------------------------------------------------------------
Ran 1 test in 0.654s

OK

----------------------------------------------------------------------
Ran 1 test in 0.646s

OK

----------------------------------------------------------------------
Ran 1 test in 0.650s

OK
.
----------------------------------------------------------------------
Ran 1 test in 0.658s

OK
..
----------------------------------------------------------------------
Ran 1 test in 0.646s

OK

----------------------------------------------------------------------
Ran 1 test in 0.669s

OK
..
----------------------------------------------------------------------
Ran 1 test in 0.663s

OK

----------------------------------------------------------------------
Ran 1 test in 0.654s

OK
.
----------------------------------------------------------------------
Ran 1 test in 0.673s

OK
..
----------------------------------------------------------------------
Ran 1 test in 0.674s

OK

----------------------------------------------------------------------
Ran 1 test in 0.677s

OK
.
----------------------------------------------------------------------
Ran 1 test in 0.654s

OK
.
----------------------------------------------------------------------
Ran 1 test in 0.667s

OK
.
----------------------------------------------------------------------
Ran 1 test in 0.671s

OK



=== Parallel Execution; 29 processors ===
....
----------------------------------------------------------------------
Ran 1 test in 0.812s

OK

----------------------------------------------------------------------
Ran 1 test in 0.792s

OK

----------------------------------------------------------------------
Ran 1 test in 0.788s

OK
..
----------------------------------------------------------------------
Ran 1 test in 0.801s

OK
.
----------------------------------------------------------------------
Ran 1 test in 0.810s

OK
..
----------------------------------------------------------------------
Ran 1 test in 0.816s

OK

----------------------------------------------------------------------
Ran 1 test in 0.818s

OK
..
----------------------------------------------------------------------
Ran 1 test in 0.818s

OK

----------------------------------------------------------------------
Ran 1 test in 0.817s

OK

----------------------------------------------------------------------
Ran 1 test in 0.801s

OK

----------------------------------------------------------------------
Ran 1 test in 0.817s

OK
...
----------------------------------------------------------------------
Ran 1 test in 0.805s

OK

----------------------------------------------------------------------
Ran 1 test in 0.806s

OK

----------------------------------------------------------------------
Ran 1 test in 0.816s

OK
.
----------------------------------------------------------------------
Ran 1 test in 0.828s

OK
..
----------------------------------------------------------------------
Ran 1 test in 0.814s

OK

----------------------------------------------------------------------
Ran 1 test in 0.796s

OK
....
----------------------------------------------------------------------
Ran 1 test in 0.815s

OK

----------------------------------------------------------------------
Ran 1 test in 0.817s

OK

----------------------------------------------------------------------
Ran 1 test in 0.826s

OK
.
----------------------------------------------------------------------
Ran 1 test in 0.832s

OK

----------------------------------------------------------------------
Ran 1 test in 0.827s

OK
.
----------------------------------------------------------------------
Ran 1 test in 0.830s

OK
.
----------------------------------------------------------------------
Ran 1 test in 0.820s

OK
.
----------------------------------------------------------------------
Ran 1 test in 0.847s

OK
.
----------------------------------------------------------------------
Ran 1 test in 0.849s

OK
.
----------------------------------------------------------------------
Ran 1 test in 0.849s

OK
.
----------------------------------------------------------------------
Ran 1 test in 0.824s

OK
.
----------------------------------------------------------------------
Ran 1 test in 0.857s

OK



=== Parallel Execution; 30 processors ===
...
----------------------------------------------------------------------
Ran 1 test in 1.497s

OK

----------------------------------------------------------------------
Ran 1 test in 1.501s

OK
..
----------------------------------------------------------------------
Ran 1 test in 1.498s

OK

----------------------------------------------------------------------
Ran 1 test in 1.510s

OK

----------------------------------------------------------------------
Ran 1 test in 1.494s

OK
.
----------------------------------------------------------------------
Ran 1 test in 1.505s

OK
....
----------------------------------------------------------------------
Ran 1 test in 1.503s

OK

----------------------------------------------------------------------
Ran 1 test in 1.501s

OK

----------------------------------------------------------------------
Ran 1 test in 1.489s

OK

----------------------------------------------------------------------
Ran 1 test in 1.519s

OK
..
----------------------------------------------------------------------
Ran 1 test in 1.489s

OK

----------------------------------------------------------------------
Ran 1 test in 1.516s

OK
.
----------------------------------------------------------------------
Ran 1 test in 1.518s

OK
.
----------------------------------------------------------------------
Ran 1 test in 1.524s

OK
..
----------------------------------------------------------------------
Ran 1 test in 1.537s

OK
...
----------------------------------------------------------------------
Ran 1 test in 1.536s

OK

----------------------------------------------------------------------
Ran 1 test in 1.538s

OK
.
----------------------------------------------------------------------
Ran 1 test in 1.510s

OK

----------------------------------------------------------------------
Ran 1 test in 1.510s

OK
.
----------------------------------------------------------------------
Ran 1 test in 1.514s

OK
.
----------------------------------------------------------------------
Ran 1 test in 1.514s

OK
.
----------------------------------------------------------------------
Ran 1 test in 1.523s

OK
.
----------------------------------------------------------------------
Ran 1 test in 1.531s

OK

----------------------------------------------------------------------
Ran 1 test in 1.541s

OK
.
----------------------------------------------------------------------
Ran 1 test in 1.517s

OK
.
----------------------------------------------------------------------
Ran 1 test in 1.549s

OK
.
----------------------------------------------------------------------
Ran 1 test in 1.539s

OK
.
----------------------------------------------------------------------
Ran 1 test in 1.539s

OK
..
----------------------------------------------------------------------
Ran 1 test in 1.547s

OK

----------------------------------------------------------------------
Ran 1 test in 1.545s

OK



=== Parallel Execution; 40 processors ===
..
----------------------------------------------------------------------
Ran 1 test in 2.357s

OK
...
----------------------------------------------------------------------
Ran 1 test in 2.353s

OK

----------------------------------------------------------------------
Ran 1 test in 2.371s

OK

----------------------------------------------------------------------
Ran 1 test in 2.362s

OK

----------------------------------------------------------------------
Ran 1 test in 2.378s

OK
.
----------------------------------------------------------------------
Ran 1 test in 2.365s

OK
..
----------------------------------------------------------------------
Ran 1 test in 2.354s

OK
.
----------------------------------------------------------------------
Ran 1 test in 2.361s

OK
.
----------------------------------------------------------------------
Ran 1 test in 2.353s

OK

----------------------------------------------------------------------
Ran 1 test in 2.348s

OK
.
----------------------------------------------------------------------
Ran 1 test in 2.374s

OK
..
----------------------------------------------------------------------
Ran 1 test in 2.381s

OK

----------------------------------------------------------------------
Ran 1 test in 2.365s

OK
..
----------------------------------------------------------------------
Ran 1 test in 2.393s

OK

----------------------------------------------------------------------
Ran 1 test in 2.377s

OK
..
----------------------------------------------------------------------
Ran 1 test in 2.379s

OK

----------------------------------------------------------------------
Ran 1 test in 2.389s

OK
.
----------------------------------------------------------------------
Ran 1 test in 2.401s

OK
.
----------------------------------------------------------------------
Ran 1 test in 2.388s

OK
.
----------------------------------------------------------------------
Ran 1 test in 2.409s

OK
.
----------------------------------------------------------------------
Ran 1 test in 2.368s

OK
.
----------------------------------------------------------------------
Ran 1 test in 2.405s

OK
.
----------------------------------------------------------------------
Ran 1 test in 2.388s

OK
.
----------------------------------------------------------------------
Ran 1 test in 2.357s

OK
.
----------------------------------------------------------------------
Ran 1 test in 2.393s

OK
.
----------------------------------------------------------------------
Ran 1 test in 2.404s

OK
.
----------------------------------------------------------------------
Ran 1 test in 2.421s

OK
.
----------------------------------------------------------------------
Ran 1 test in 2.397s

OK
.
----------------------------------------------------------------------
Ran 1 test in 2.418s

OK
..
----------------------------------------------------------------------
Ran 1 test in 2.420s

OK

----------------------------------------------------------------------
Ran 1 test in 2.423s

OK
.
----------------------------------------------------------------------
Ran 1 test in 2.417s

OK
.
----------------------------------------------------------------------
Ran 1 test in 2.421s

OK
.
----------------------------------------------------------------------
Ran 1 test in 2.426s

OK
.
----------------------------------------------------------------------
Ran 1 test in 2.413s

OK
.
----------------------------------------------------------------------
Ran 1 test in 2.413s

OK
.
----------------------------------------------------------------------
Ran 1 test in 2.405s

OK
.
----------------------------------------------------------------------
Ran 1 test in 2.421s

OK
..
----------------------------------------------------------------------
Ran 1 test in 2.428s

OK

----------------------------------------------------------------------
Ran 1 test in 2.441s

OK



=== Parallel Execution; 50 processors ===
.
----------------------------------------------------------------------
Ran 1 test in 2.513s

OK
.
----------------------------------------------------------------------
Ran 1 test in 2.506s

OK
.
----------------------------------------------------------------------
Ran 1 test in 2.517s

OK
.
----------------------------------------------------------------------
Ran 1 test in 2.487s

OK
.
----------------------------------------------------------------------
Ran 1 test in 2.513s

OK
.
----------------------------------------------------------------------
Ran 1 test in 2.517s

OK
.
----------------------------------------------------------------------
Ran 1 test in 2.433s

OK
.
----------------------------------------------------------------------
Ran 1 test in 2.517s

OK
.
----------------------------------------------------------------------
Ran 1 test in 2.493s

OK
..
----------------------------------------------------------------------
Ran 1 test in 2.528s

OK
.
----------------------------------------------------------------------
Ran 1 test in 2.521s

OK
.
----------------------------------------------------------------------
Ran 1 test in 2.524s

OK

----------------------------------------------------------------------
Ran 1 test in 2.532s

OK
....
----------------------------------------------------------------------
Ran 1 test in 2.526s

OK

----------------------------------------------------------------------
Ran 1 test in 2.517s

OK

----------------------------------------------------------------------
Ran 1 test in 2.481s

OK

----------------------------------------------------------------------
Ran 1 test in 2.506s

OK
.
----------------------------------------------------------------------
Ran 1 test in 2.501s

OK
...
----------------------------------------------------------------------
Ran 1 test in 2.526s

OK

----------------------------------------------------------------------
Ran 1 test in 2.537s

OK

----------------------------------------------------------------------
Ran 1 test in 2.518s

OK
...
----------------------------------------------------------------------
Ran 1 test in 2.525s

OK
.
----------------------------------------------------------------------
Ran 1 test in 2.514s

OK
.
----------------------------------------------------------------------
Ran 1 test in 2.517s

OK

----------------------------------------------------------------------
Ran 1 test in 2.481s

OK

----------------------------------------------------------------------
Ran 1 test in 2.497s

OK
.
----------------------------------------------------------------------
Ran 1 test in 2.505s

OK
.
----------------------------------------------------------------------
Ran 1 test in 2.542s

OK
.
----------------------------------------------------------------------
Ran 1 test in 2.521s

OK
.
----------------------------------------------------------------------
Ran 1 test in 2.518s

OK
.
----------------------------------------------------------------------
Ran 1 test in 2.513s

OK
.
----------------------------------------------------------------------
Ran 1 test in 2.529s

OK
.
----------------------------------------------------------------------
Ran 1 test in 2.529s

OK
.
----------------------------------------------------------------------
Ran 1 test in 2.549s

OK
.
----------------------------------------------------------------------
Ran 1 test in 2.518s

OK
.
----------------------------------------------------------------------
Ran 1 test in 2.533s

OK
.
----------------------------------------------------------------------
Ran 1 test in 2.548s

OK
.
----------------------------------------------------------------------
Ran 1 test in 2.545s

OK
.
----------------------------------------------------------------------
Ran 1 test in 2.560s

OK
.
----------------------------------------------------------------------
Ran 1 test in 2.526s

OK
.
----------------------------------------------------------------------
Ran 1 test in 2.545s

OK
.
----------------------------------------------------------------------
Ran 1 test in 2.521s

OK
.
----------------------------------------------------------------------
Ran 1 test in 2.535s

OK
.
----------------------------------------------------------------------
Ran 1 test in 2.534s

OK
.
----------------------------------------------------------------------
Ran 1 test in 2.552s

OK
.
----------------------------------------------------------------------
Ran 1 test in 2.572s

OK
.
----------------------------------------------------------------------
Ran 1 test in 2.543s

OK
.
----------------------------------------------------------------------
Ran 1 test in 2.569s

OK
.
----------------------------------------------------------------------
Ran 1 test in 2.606s

OK
.
----------------------------------------------------------------------
Ran 1 test in 2.601s

OK
